  speechManager.cpp
C:\Users\61676\source\repos\演讲比赛\演讲比赛\speechManager.cpp(28,20): warning C4018: “<”: 有符号/无符号不匹配
C:\Users\61676\source\repos\演讲比赛\演讲比赛\speechManager.cpp(113,21): warning C4018: “<”: 有符号/无符号不匹配
C:\Users\61676\source\repos\演讲比赛\演讲比赛\speechManager.cpp(248,20): warning C4018: “<”: 有符号/无符号不匹配
D:\新建文件夹 (2)\VC\Tools\MSVC\14.27.29110\include\numeric(35,26): warning C4244: “=”: 从“double”转换到“_Ty”，可能丢失数据
          with
          [
              _Ty=float
          ]
D:\新建文件夹 (2)\VC\Tools\MSVC\14.27.29110\include\numeric(44): message : 查看对正在编译的函数 模板 实例化“_Ty std::accumulate<_InIt,_Ty,std::plus<void>>(const _InIt,const _InIt,_Ty,_Fn)”的引用
          with
          [
              _Ty=float,
              _InIt=std::_Deque_iterator<std::_Deque_val<std::_Deque_simple_types<double>>>,
              _Fn=std::plus<void>
          ]
C:\Users\61676\source\repos\演讲比赛\演讲比赛\speechManager.cpp(123): message : 查看对正在编译的函数 模板 实例化“_Ty std::accumulate<std::_Deque_iterator<std::_Deque_val<std::_Deque_simple_types<double>>>,float>(const _InIt,const _InIt,_Ty)”的引用
          with
          [
              _Ty=float,
              _InIt=std::_Deque_iterator<std::_Deque_val<std::_Deque_simple_types<double>>>
          ]
  演讲比赛.vcxproj -> C:\Users\61676\source\repos\演讲比赛\Debug\演讲比赛.exe
